{
  "RSpec": {
    "coverage": {
      "/home/bfasysadmin/code/myom/app/models/user.rb": [
        1,
        null,
        null,
        1,
        null,
        1,
        1,
        1,
        null,
        null,
        1,
        1,
        1,
        null,
        null,
        null,
        null,
        null,
        1,
        null,
        null,
        null,
        1,
        0,
        null,
        null,
        1,
        null,
        0,
        0,
        null,
        null,
        1,
        0,
        0,
        0,
        0,
        null,
        null,
        1,
        0,
        null,
        null
      ],
      "/home/bfasysadmin/code/myom/app/models/role.rb": [
        1,
        1,
        1,
        null
      ],
      "/home/bfasysadmin/code/myom/app/helpers/application_helper.rb": [
        1,
        1,
        0,
        null,
        null,
        1,
        0,
        null,
        null
      ],
      "/home/bfasysadmin/code/myom/app/helpers/diseases_helper.rb": [
        1,
        null
      ],
      "/home/bfasysadmin/code/myom/app/helpers/herbalformular_helper.rb": [
        1,
        null
      ],
      "/home/bfasysadmin/code/myom/app/helpers/herbs_helper.rb": [
        1,
        null
      ],
      "/home/bfasysadmin/code/myom/app/helpers/indications_helper.rb": [
        1,
        null
      ],
      "/home/bfasysadmin/code/myom/app/helpers/javascripts_helper.rb": [
        1,
        null
      ],
      "/home/bfasysadmin/code/myom/app/helpers/point_indications_helper.rb": [
        1,
        null
      ],
      "/home/bfasysadmin/code/myom/app/helpers/points_helper.rb": [
        1,
        null
      ],
      "/home/bfasysadmin/code/myom/app/helpers/subindications_helper.rb": [
        1,
        null
      ],
      "/home/bfasysadmin/code/myom/app/helpers/users_helper.rb": [
        1,
        null
      ],
      "/home/bfasysadmin/code/myom/app/helpers/zangfus_helper.rb": [
        1,
        null
      ],
      "/home/bfasysadmin/code/myom/app/controllers/diseases_controller.rb": [
        1,
        1,
        0,
        null,
        null,
        1,
        0,
        null,
        null,
        1,
        0,
        0,
        null,
        null,
        1,
        0,
        0,
        0,
        0,
        null,
        0,
        0,
        null,
        null,
        null,
        1,
        0,
        0,
        0,
        0,
        null,
        0,
        0,
        null,
        null,
        null,
        null,
        1,
        0,
        0,
        null,
        null,
        1,
        0,
        null,
        0,
        0,
        null,
        null,
        1,
        1,
        0,
        null,
        null
      ],
      "/home/bfasysadmin/code/myom/app/controllers/application_controller.rb": [
        1,
        null,
        null,
        1,
        1,
        null,
        1,
        1,
        1,
        null,
        1,
        0,
        null,
        null,
        1,
        1,
        0,
        0,
        null,
        null
      ],
      "/home/bfasysadmin/code/myom/app/controllers/herbalformulars_controller.rb": [
        1,
        1,
        0,
        null,
        1,
        0,
        null,
        null,
        1,
        0,
        null,
        null,
        1,
        0,
        0,
        0,
        0,
        null,
        0,
        0,
        null,
        null,
        null,
        null,
        1,
        0,
        null,
        null,
        1,
        0,
        0,
        null,
        0,
        0,
        null,
        0,
        0,
        null,
        null,
        null,
        1,
        0,
        null,
        0,
        0,
        null,
        null,
        1,
        0,
        null,
        null
      ],
      "/home/bfasysadmin/code/myom/app/controllers/herbs_controller.rb": [
        1,
        1,
        0,
        null,
        1,
        0,
        null,
        null,
        1,
        0,
        null,
        null,
        1,
        0,
        0,
        0,
        0,
        null,
        0,
        0,
        null,
        null,
        null,
        null,
        1,
        0,
        null,
        null,
        1,
        0,
        0,
        null,
        0,
        0,
        null,
        0,
        0,
        null,
        null,
        null,
        1,
        0,
        null,
        0,
        0,
        null,
        null,
        1,
        0,
        null,
        null
      ],
      "/home/bfasysadmin/code/myom/app/controllers/indications_controller.rb": [
        1,
        1,
        0,
        null,
        1,
        0,
        0,
        0,
        null,
        null,
        null,
        null,
        1,
        0,
        null,
        null,
        1,
        0,
        null,
        0,
        0,
        0,
        null,
        0,
        0,
        null,
        null,
        null,
        null,
        1,
        0,
        null,
        null,
        1,
        0,
        0,
        null,
        0,
        0,
        null,
        0,
        0,
        null,
        null,
        null,
        1,
        0,
        null,
        0,
        0,
        null,
        null,
        1,
        0,
        null,
        null
      ],
      "/home/bfasysadmin/code/myom/app/controllers/javascripts_controller.rb": [
        1,
        1,
        0,
        null,
        null
      ],
      "/home/bfasysadmin/code/myom/app/controllers/point_indications_controller.rb": [
        1,
        1,
        0,
        null,
        null,
        1,
        0,
        null,
        null,
        1,
        0,
        null,
        null,
        1,
        0,
        0,
        null,
        0,
        0,
        null,
        0,
        0,
        null,
        null,
        null,
        1,
        1,
        0,
        null,
        null
      ],
      "/home/bfasysadmin/code/myom/app/controllers/points_controller.rb": [
        1,
        1,
        0,
        null,
        null,
        1,
        0,
        null,
        null,
        1,
        0,
        null,
        1,
        0,
        null,
        null,
        1,
        0,
        null,
        0,
        0,
        0,
        null,
        0,
        0,
        null,
        null,
        null,
        1,
        0,
        0,
        null,
        0,
        0,
        null,
        0,
        0,
        null,
        null,
        1,
        0,
        0,
        0,
        null,
        null,
        1,
        1,
        0,
        null,
        null
      ],
      "/home/bfasysadmin/code/myom/app/controllers/subindications_controller.rb": [
        1,
        1,
        0,
        null,
        null,
        1,
        0,
        0,
        null,
        null,
        1,
        0,
        null,
        null,
        1,
        0,
        null,
        0,
        0,
        0,
        null,
        0,
        0,
        null,
        null,
        null,
        1,
        0,
        null,
        null,
        1,
        0,
        0,
        null,
        0,
        0,
        null,
        0,
        0,
        null,
        null,
        null,
        1,
        0,
        null,
        0,
        0,
        null,
        null,
        1,
        0,
        null,
        null
      ],
      "/home/bfasysadmin/code/myom/app/controllers/users_controller.rb": [
        1,
        1,
        null,
        1,
        null,
        0,
        null,
        null,
        null,
        1,
        0,
        0,
        null,
        null,
        null,
        1,
        0,
        0,
        null,
        null,
        null,
        1,
        0,
        0,
        0,
        0,
        0,
        null,
        0,
        0,
        null,
        0,
        0,
        null,
        null,
        null,
        1,
        0,
        null,
        null
      ],
      "/home/bfasysadmin/code/myom/app/controllers/zangfus_controller.rb": [
        1,
        1,
        0,
        null,
        null,
        1,
        0,
        null,
        null,
        1,
        0,
        null,
        null,
        1,
        0,
        null,
        null,
        1,
        0,
        null,
        0,
        0,
        0,
        null,
        0,
        0,
        null,
        null,
        null,
        1,
        0,
        0,
        null,
        0,
        0,
        null,
        0,
        0,
        null,
        null,
        null,
        null,
        null,
        1,
        0,
        null,
        0,
        0,
        null,
        null,
        null,
        1,
        1,
        0,
        null,
        null
      ],
      "/home/bfasysadmin/code/myom/app/models/category.rb": [
        1,
        1,
        1,
        null,
        1,
        1,
        1,
        null,
        null
      ],
      "/home/bfasysadmin/code/myom/app/models/disease_category.rb": [
        1,
        1,
        1,
        null
      ],
      "/home/bfasysadmin/code/myom/app/models/disease.rb": [
        1,
        1,
        1,
        1,
        1,
        null,
        1,
        null
      ],
      "/home/bfasysadmin/code/myom/app/models/disease_subindication.rb": [
        1,
        1,
        1,
        null
      ],
      "/home/bfasysadmin/code/myom/app/models/formular_indication.rb": [
        1,
        1,
        1,
        null,
        null
      ],
      "/home/bfasysadmin/code/myom/app/models/herb_formular.rb": [
        1,
        1,
        1,
        null
      ],
      "/home/bfasysadmin/code/myom/app/models/herb_indication.rb": [
        1,
        1,
        1,
        null
      ],
      "/home/bfasysadmin/code/myom/app/models/herb.rb": [
        1,
        1,
        1,
        1,
        1,
        1,
        1,
        null
      ],
      "/home/bfasysadmin/code/myom/app/models/herbalformular.rb": [
        1,
        1,
        1,
        1,
        null
      ],
      "/home/bfasysadmin/code/myom/app/models/indication.rb": [
        1,
        1,
        1,
        1,
        1,
        1,
        1,
        null,
        null,
        1,
        1,
        1,
        1,
        1,
        1,
        1,
        1,
        1,
        0,
        null,
        null,
        1,
        0,
        null,
        null,
        null,
        null
      ],
      "/home/bfasysadmin/code/myom/app/models/indication_subindication.rb": [
        1,
        1,
        1,
        null,
        null
      ],
      "/home/bfasysadmin/code/myom/app/models/point_indication.rb": [
        1,
        1,
        1,
        null
      ],
      "/home/bfasysadmin/code/myom/app/models/point.rb": [
        1,
        1,
        1,
        1,
        null,
        1,
        null
      ],
      "/home/bfasysadmin/code/myom/app/models/subindication.rb": [
        1,
        1,
        1,
        1,
        null,
        1,
        1,
        1,
        null,
        1,
        1,
        null,
        null,
        1,
        1,
        null,
        1,
        null,
        null,
        null
      ],
      "/home/bfasysadmin/code/myom/app/models/user_role.rb": [
        1,
        1,
        1,
        null
      ],
      "/home/bfasysadmin/code/myom/app/models/zangfu_indication.rb": [
        1,
        1,
        1,
        null
      ],
      "/home/bfasysadmin/code/myom/app/models/zangfu.rb": [
        1,
        1,
        1,
        null,
        null,
        1,
        1,
        null,
        null,
        1,
        null,
        null
      ],
      "/home/bfasysadmin/code/myom/app/models/zangfu_subindication.rb": [
        1,
        1,
        1,
        null
      ],
      "/home/bfasysadmin/code/myom/app/policies/user_policy.rb": [
        1,
        1,
        0,
        null,
        null,
        1,
        0,
        null,
        null,
        1,
        0,
        null,
        null,
        1,
        0,
        null,
        null,
        null,
        null
      ],
      "/home/bfasysadmin/code/myom/app/policies/application_policy.rb": [
        1,
        1,
        null,
        1,
        0,
        0,
        0,
        null,
        null,
        1,
        0,
        null,
        null,
        1,
        0,
        null,
        null,
        1,
        0,
        null,
        null,
        1,
        0,
        null,
        null,
        1,
        0,
        null,
        null,
        1,
        0,
        null,
        null,
        1,
        0,
        null,
        null,
        1,
        null,
        0,
        null,
        null
      ]
    },
    "timestamp": 1446660025
  }
}
